0 info it worked if it ends with ok
1 verbose cli [ '/Users/Home/.nvm/versions/node/v7.1.0/bin/node',
1 verbose cli   '/Users/Home/.nvm/versions/node/v7.1.0/bin/npm',
1 verbose cli   'prune',
1 verbose cli   '-g' ]
2 info using npm@4.0.2
3 info using node@v7.1.0
4 verbose stack Error: ENOENT: no such file or directory, open '/Users/Home/.nvm/versions/node/v7.1.0/lib/package.json'
5 verbose cwd /Users/Home/dev/repo/TS_Server_JS
6 error Darwin 16.1.0
7 error argv "/Users/Home/.nvm/versions/node/v7.1.0/bin/node" "/Users/Home/.nvm/versions/node/v7.1.0/bin/npm" "prune" "-g"
8 error node v7.1.0
9 error npm  v4.0.2
10 error path /Users/Home/.nvm/versions/node/v7.1.0/lib/package.json
11 error code ENOENT
12 error errno -2
13 error syscall open
14 error enoent ENOENT: no such file or directory, open '/Users/Home/.nvm/versions/node/v7.1.0/lib/package.json'
15 error enoent ENOENT: no such file or directory, open '/Users/Home/.nvm/versions/node/v7.1.0/lib/package.json'
15 error enoent This is most likely not a problem with npm itself
15 error enoent and is related to npm not being able to find a file.
16 verbose exit [ -2, true ]
